<?xml version="1.0" encoding="UTF-8"?>
<testng-results ignored="0" total="1" passed="1" failed="0" skipped="0">
  <reporter-output>
  </reporter-output>
  <suite started-at="2022-03-30T16:46:36 IST" name="Default suite" finished-at="2022-03-30T16:46:36 IST" duration-ms="91">
    <groups>
    </groups>
    <test started-at="2022-03-30T16:46:36 IST" name="Default test" finished-at="2022-03-30T16:46:36 IST" duration-ms="91">
      <class name="practice.AssertionsDemo">
        <test-method signature="demo1()[pri:0, instance:practice.AssertionsDemo@69e1dd28]" started-at="2022-03-30T16:46:36 IST" name="demo1" finished-at="2022-03-30T16:46:36 IST" duration-ms="19" status="PASS">
          <reporter-output>
          </reporter-output>
        </test-method> <!-- demo1 -->
      </class> <!-- practice.AssertionsDemo -->
    </test> <!-- Default test -->
  </suite> <!-- Default suite -->
</testng-results>
